mode: set
codeberg.org/devcarlosmolero/vibewatch/internal/differ/differ.go:50.33,54.22 3 1
codeberg.org/devcarlosmolero/vibewatch/internal/differ/differ.go:54.22,58.3 3 0
codeberg.org/devcarlosmolero/vibewatch/internal/differ/differ.go:62.46,64.34 2 1
codeberg.org/devcarlosmolero/vibewatch/internal/differ/differ.go:64.34,66.3 1 1
codeberg.org/devcarlosmolero/vibewatch/internal/differ/differ.go:67.2,70.8 1 1
codeberg.org/devcarlosmolero/vibewatch/internal/differ/differ.go:74.68,75.37 1 1
codeberg.org/devcarlosmolero/vibewatch/internal/differ/differ.go:75.37,84.3 1 1
codeberg.org/devcarlosmolero/vibewatch/internal/differ/differ.go:86.2,93.53 3 1
codeberg.org/devcarlosmolero/vibewatch/internal/differ/differ.go:93.53,94.51 1 1
codeberg.org/devcarlosmolero/vibewatch/internal/differ/differ.go:94.51,100.4 5 1
codeberg.org/devcarlosmolero/vibewatch/internal/differ/differ.go:102.2,105.16 3 1
codeberg.org/devcarlosmolero/vibewatch/internal/differ/differ.go:105.16,107.3 1 0
codeberg.org/devcarlosmolero/vibewatch/internal/differ/differ.go:109.2,110.16 2 1
codeberg.org/devcarlosmolero/vibewatch/internal/differ/differ.go:110.16,114.3 3 1
codeberg.org/devcarlosmolero/vibewatch/internal/differ/differ.go:116.2,116.16 1 1
codeberg.org/devcarlosmolero/vibewatch/internal/differ/differ.go:116.16,118.17 2 1
codeberg.org/devcarlosmolero/vibewatch/internal/differ/differ.go:118.17,122.4 3 0
codeberg.org/devcarlosmolero/vibewatch/internal/differ/differ.go:125.2,125.16 1 1
codeberg.org/devcarlosmolero/vibewatch/internal/differ/differ.go:125.16,127.15 2 1
codeberg.org/devcarlosmolero/vibewatch/internal/differ/differ.go:127.15,129.18 2 1
codeberg.org/devcarlosmolero/vibewatch/internal/differ/differ.go:129.18,133.5 3 0
codeberg.org/devcarlosmolero/vibewatch/internal/differ/differ.go:134.4,134.22 1 1
codeberg.org/devcarlosmolero/vibewatch/internal/differ/differ.go:135.9,142.4 6 1
codeberg.org/devcarlosmolero/vibewatch/internal/differ/differ.go:145.2,147.19 3 1
codeberg.org/devcarlosmolero/vibewatch/internal/differ/differ.go:151.61,156.34 5 1
codeberg.org/devcarlosmolero/vibewatch/internal/differ/differ.go:156.34,162.3 5 0
codeberg.org/devcarlosmolero/vibewatch/internal/differ/differ.go:164.2,178.73 13 1
codeberg.org/devcarlosmolero/vibewatch/internal/differ/differ.go:178.73,179.66 1 1
codeberg.org/devcarlosmolero/vibewatch/internal/differ/differ.go:179.66,181.32 2 1
codeberg.org/devcarlosmolero/vibewatch/internal/differ/differ.go:181.32,182.13 1 1
codeberg.org/devcarlosmolero/vibewatch/internal/differ/differ.go:184.4,185.37 2 1
codeberg.org/devcarlosmolero/vibewatch/internal/differ/differ.go:189.2,190.35 2 1
codeberg.org/devcarlosmolero/vibewatch/internal/differ/differ.go:190.35,193.73 2 1
codeberg.org/devcarlosmolero/vibewatch/internal/differ/differ.go:193.73,194.12 1 0
codeberg.org/devcarlosmolero/vibewatch/internal/differ/differ.go:196.3,198.38 3 1
codeberg.org/devcarlosmolero/vibewatch/internal/differ/differ.go:198.38,200.4 1 1
codeberg.org/devcarlosmolero/vibewatch/internal/differ/differ.go:202.2,202.21 1 1
codeberg.org/devcarlosmolero/vibewatch/internal/differ/differ.go:205.61,210.34 5 1
codeberg.org/devcarlosmolero/vibewatch/internal/differ/differ.go:210.34,212.3 1 1
codeberg.org/devcarlosmolero/vibewatch/internal/differ/differ.go:213.2,213.45 1 1
codeberg.org/devcarlosmolero/vibewatch/internal/differ/differ.go:216.67,221.34 5 1
codeberg.org/devcarlosmolero/vibewatch/internal/differ/differ.go:221.34,223.3 1 0
codeberg.org/devcarlosmolero/vibewatch/internal/differ/differ.go:224.2,224.45 1 1
codeberg.org/devcarlosmolero/vibewatch/internal/differ/differ.go:227.61,233.2 5 1
codeberg.org/devcarlosmolero/vibewatch/internal/differ/differ.go:235.73,244.2 3 1
codeberg.org/devcarlosmolero/vibewatch/internal/differ/differ.go:246.70,253.2 6 1
codeberg.org/devcarlosmolero/vibewatch/internal/differ/differ.go:256.34,260.2 3 1
codeberg.org/devcarlosmolero/vibewatch/internal/differ/differ.go:263.35,265.2 1 1
codeberg.org/devcarlosmolero/vibewatch/internal/differ/differ.go:268.42,270.2 1 1
codeberg.org/devcarlosmolero/vibewatch/internal/differ/differ.go:273.60,275.2 1 1
codeberg.org/devcarlosmolero/vibewatch/internal/differ/differ.go:290.62,291.21 1 1
codeberg.org/devcarlosmolero/vibewatch/internal/differ/differ.go:291.21,293.3 1 1
codeberg.org/devcarlosmolero/vibewatch/internal/differ/differ.go:295.2,296.32 2 1
codeberg.org/devcarlosmolero/vibewatch/internal/differ/differ.go:296.32,298.17 2 1
codeberg.org/devcarlosmolero/vibewatch/internal/differ/differ.go:298.17,299.12 1 0
codeberg.org/devcarlosmolero/vibewatch/internal/differ/differ.go:301.3,301.74 1 1
codeberg.org/devcarlosmolero/vibewatch/internal/differ/differ.go:304.2,304.23 1 1
codeberg.org/devcarlosmolero/vibewatch/internal/differ/differ.go:304.23,306.3 1 0
codeberg.org/devcarlosmolero/vibewatch/internal/differ/differ.go:309.2,309.42 1 1
codeberg.org/devcarlosmolero/vibewatch/internal/differ/differ.go:309.42,311.3 1 1
codeberg.org/devcarlosmolero/vibewatch/internal/differ/differ.go:313.2,313.42 1 1
codeberg.org/devcarlosmolero/vibewatch/internal/differ/differ.go:317.70,318.31 1 1
codeberg.org/devcarlosmolero/vibewatch/internal/differ/differ.go:318.31,319.97 1 1
codeberg.org/devcarlosmolero/vibewatch/internal/differ/differ.go:319.97,323.4 3 1
codeberg.org/devcarlosmolero/vibewatch/internal/differ/differ.go:325.2,329.8 1 1
codeberg.org/devcarlosmolero/vibewatch/internal/differ/differ.go:333.63,335.31 2 1
codeberg.org/devcarlosmolero/vibewatch/internal/differ/differ.go:335.31,337.17 2 1
codeberg.org/devcarlosmolero/vibewatch/internal/differ/differ.go:337.17,338.12 1 0
codeberg.org/devcarlosmolero/vibewatch/internal/differ/differ.go:340.3,340.26 1 1
codeberg.org/devcarlosmolero/vibewatch/internal/differ/differ.go:340.26,342.4 1 1
codeberg.org/devcarlosmolero/vibewatch/internal/differ/differ.go:343.3,343.32 1 1
codeberg.org/devcarlosmolero/vibewatch/internal/differ/differ.go:345.2,345.17 1 1
codeberg.org/devcarlosmolero/vibewatch/internal/differ/differ.go:349.44,351.28 2 1
codeberg.org/devcarlosmolero/vibewatch/internal/differ/differ.go:351.28,353.3 1 1
codeberg.org/devcarlosmolero/vibewatch/internal/differ/differ.go:354.2,354.14 1 1
codeberg.org/devcarlosmolero/vibewatch/internal/differ/differ.go:358.62,360.28 2 1
codeberg.org/devcarlosmolero/vibewatch/internal/differ/differ.go:360.28,362.3 1 1
codeberg.org/devcarlosmolero/vibewatch/internal/differ/differ.go:363.2,363.14 1 1
codeberg.org/devcarlosmolero/vibewatch/internal/differ/differ.go:369.65,372.87 2 1
codeberg.org/devcarlosmolero/vibewatch/internal/differ/differ.go:372.87,373.17 1 1
codeberg.org/devcarlosmolero/vibewatch/internal/differ/differ.go:373.17,375.4 1 0
codeberg.org/devcarlosmolero/vibewatch/internal/differ/differ.go:376.3,376.17 1 1
codeberg.org/devcarlosmolero/vibewatch/internal/differ/differ.go:376.17,378.4 1 0
codeberg.org/devcarlosmolero/vibewatch/internal/differ/differ.go:380.3,380.25 1 1
codeberg.org/devcarlosmolero/vibewatch/internal/differ/differ.go:380.25,382.4 1 0
codeberg.org/devcarlosmolero/vibewatch/internal/differ/differ.go:384.3,385.52 2 1
codeberg.org/devcarlosmolero/vibewatch/internal/differ/differ.go:385.52,388.4 2 1
codeberg.org/devcarlosmolero/vibewatch/internal/differ/differ.go:389.3,389.13 1 1
codeberg.org/devcarlosmolero/vibewatch/internal/differ/differ.go:392.2,392.19 1 1
codeberg.org/devcarlosmolero/vibewatch/internal/differ/differ.go:396.40,401.34 5 1
codeberg.org/devcarlosmolero/vibewatch/internal/differ/differ.go:401.34,403.3 1 1
codeberg.org/devcarlosmolero/vibewatch/internal/differ/differ.go:404.2,404.40 1 1
codeberg.org/devcarlosmolero/vibewatch/internal/differ/differ.go:408.33,413.2 4 1
codeberg.org/devcarlosmolero/vibewatch/internal/differ/differ.go:417.50,422.2 4 1
codeberg.org/devcarlosmolero/vibewatch/internal/differ/differ.go:426.63,428.33 1 1
codeberg.org/devcarlosmolero/vibewatch/internal/differ/differ.go:428.33,429.67 1 1
codeberg.org/devcarlosmolero/vibewatch/internal/differ/differ.go:429.67,431.4 1 1
codeberg.org/devcarlosmolero/vibewatch/internal/differ/differ.go:433.2,433.11 1 1
